[debug] [2021-09-19T13:01:27.174Z] ----------------------------------------------------------------------
[debug] [2021-09-19T13:01:27.176Z] Command:       C:\Program Files\nodejs\node.exe C:\Users\Julian\AppData\Roaming\npm\node_modules\firebase-tools\lib\bin\firebase.js init
[debug] [2021-09-19T13:01:27.177Z] CLI Version:   9.18.0
[debug] [2021-09-19T13:01:27.177Z] Platform:      win32
[debug] [2021-09-19T13:01:27.177Z] Node Version:  v14.17.0
[debug] [2021-09-19T13:01:27.178Z] Time:          Sun Sep 19 2021 15:01:27 GMT+0200 (Mitteleuropäische Sommerzeit)
[debug] [2021-09-19T13:01:27.178Z] ----------------------------------------------------------------------
[debug] 
[debug] [2021-09-19T13:01:27.186Z] > command requires scopes: ["email","openid","https://www.googleapis.com/auth/cloudplatformprojects.readonly","https://www.googleapis.com/auth/firebase","https://www.googleapis.com/auth/cloud-platform"]
[debug] [2021-09-19T13:01:27.186Z] > authorizing via signed-in user (juhom205@gmail.com)
[info] 
     ######## #### ########  ######## ########     ###     ######  ########
     ##        ##  ##     ## ##       ##     ##  ##   ##  ##       ##
     ######    ##  ########  ######   ########  #########  ######  ######
     ##        ##  ##    ##  ##       ##     ## ##     ##       ## ##
     ##       #### ##     ## ######## ########  ##     ##  ######  ########

You're about to initialize a Firebase project in this directory:

  C:\Users\Julian\Downloads\jusoft-tasks-cloud\jusoft-tasks

[info] 
=== Project Setup
[info] 
[info] First, let's associate this project directory with a Firebase project.
[info] You can create multiple project aliases by running firebase use --add, 
[info] but for now we'll just set up a default project.
[info] 
[debug] [2021-09-19T13:01:42.182Z] >>> [apiv2][query] GET https://firebase.googleapis.com/v1beta1/projects pageSize=100
[debug] [2021-09-19T13:01:42.715Z] <<< [apiv2][status] GET https://firebase.googleapis.com/v1beta1/projects 200
[debug] [2021-09-19T13:01:42.716Z] <<< [apiv2][body] GET https://firebase.googleapis.com/v1beta1/projects [omitted]
[info] i  Using project jusoft-taks (JuSoft Tasks) 
[info] 
=== Hosting Setup
[info] 
[info] Your public directory is the folder (relative to your project directory) that
[info] will contain Hosting assets to be uploaded with firebase deploy. If you
[info] have a build process for your assets, use your build's output directory.
[info] 
[info] +  Wrote public/404.html 
[debug] [2021-09-19T13:02:19.425Z] >>> [apiv2][query] GET https://www.gstatic.com/firebasejs/releases.json [none]
[debug] [2021-09-19T13:02:19.473Z] <<< [apiv2][status] GET https://www.gstatic.com/firebasejs/releases.json 200
[debug] [2021-09-19T13:02:19.473Z] <<< [apiv2][body] GET https://www.gstatic.com/firebasejs/releases.json {"current":{"version":"9.0.2","browserURL":"https://www.gstatic.com/firebasejs/9.0.2/firebase.js","packageURL":"https://www.gstatic.com/firebasejs/9.0.2/firebase.tgz"},"live":{"version":"9.0","browserURL":"https://www.gstatic.com/firebasejs/live/9.0/firebase.js","packageURL":"https://www.gstatic.com/firebasejs/live/9.0/firebase.tgz"},"components":{"analytics":"https://www.gstatic.com/firebasejs/9.0.2/firebase-analytics.js","app":"https://www.gstatic.com/firebasejs/9.0.2/firebase-app.js","app-check":"https://www.gstatic.com/firebasejs/9.0.2/firebase-app-check.js","auth":"https://www.gstatic.com/firebasejs/9.0.2/firebase-auth.js","auth/cordova":"https://www.gstatic.com/firebasejs/9.0.2/firebase-auth/cordova.js","auth/react-native":"https://www.gstatic.com/firebasejs/9.0.2/firebase-auth/react-native.js","functions":"https://www.gstatic.com/firebasejs/9.0.2/firebase-functions.js","firestore":"https://www.gstatic.com/firebasejs/9.0.2/firebase-firestore.js","firestore/lite":"https://www.gstatic.com/firebasejs/9.0.2/firebase-firestore/lite.js","storage":"https://www.gstatic.com/firebasejs/9.0.2/firebase-storage.js","performance":"https://www.gstatic.com/firebasejs/9.0.2/firebase-performance.js","remote-config":"https://www.gstatic.com/firebasejs/9.0.2/firebase-remote-config.js","messaging":"https://www.gstatic.com/firebasejs/9.0.2/firebase-messaging.js","messaging/sw":"https://www.gstatic.com/firebasejs/9.0.2/firebase-messaging/sw.js","database":"https://www.gstatic.com/firebasejs/9.0.2/firebase-database.js","firestore.memory":"https://www.gstatic.com/firebasejs/9.0.2/firebase-firestore.memory.js"}}
[info] +  Wrote public/index.html 
[info] 
[info] i  Didn't detect a .git folder. Assuming C:\Users\Julian\Downloads\jusoft-tasks-cloud\jusoft-tasks is the project root. 
[info] i  Authorizing with GitHub to upload your service account to a GitHub repository's secrets store. 
[info] 
[info] Visit this URL on this device to log in:
[info] https://github.com/login/oauth/authorize?client_id=89cf50f02ac6aaed3484&state=457271574&redirect_uri=http%3A%2F%2Flocalhost%3A9005&scope=read%3Auser%20repo%20public_repo
[info] 
[info] Waiting for authentication...
[debug] [2021-09-19T13:02:29.827Z] >>> HTTP REQUEST POST https://github.com/login/oauth/access_token  
 {"client_id":"89cf50f02ac6aaed3484","client_secret":"3330d14abc895d9a74d5f17cd7a00711fa2c5bf0","code":"f1dd36e6fabd216646aa","redirect_uri":"http://localhost:9005","state":"457271574"}
[debug] [2021-09-19T13:02:30.029Z] <<< HTTP RESPONSE 200 {"server":"GitHub.com","date":"Sun, 19 Sep 2021 13:02:30 GMT","content-type":"application/json; charset=utf-8","transfer-encoding":"chunked","vary":"X-PJAX, X-PJAX-Container, Accept-Encoding, Accept, X-Requested-With","permissions-policy":"interest-cohort=()","etag":"W/\"08d78c069cf18481618877a8b2c28fdc\"","cache-control":"max-age=0, private, must-revalidate","strict-transport-security":"max-age=31536000; includeSubdomains; preload","x-frame-options":"deny","x-content-type-options":"nosniff","x-xss-protection":"0","referrer-policy":"origin-when-cross-origin, strict-origin-when-cross-origin","expect-ct":"max-age=2592000, report-uri=\"https://api.github.com/_private/browser/errors\"","content-security-policy":"default-src 'none'; base-uri 'self'; block-all-mixed-content; child-src github.githubassets.com; connect-src 'self' uploads.github.com www.githubstatus.com collector.githubapp.com api.github.com github-cloud.s3.amazonaws.com github-production-repository-file-5c1aeb.s3.amazonaws.com github-production-upload-manifest-file-7fdce7.s3.amazonaws.com github-production-user-asset-6210df.s3.amazonaws.com cdn.optimizely.com logx.optimizely.com/v1/events translator.github.com wss://alive.github.com; font-src github.githubassets.com; form-action 'self' github.com gist.github.com; frame-ancestors 'none'; frame-src render.githubusercontent.com viewscreen.githubusercontent.com; img-src 'self' data: github.githubassets.com identicons.github.com collector.githubapp.com github-cloud.s3.amazonaws.com secured-user-images.githubusercontent.com/ *.githubusercontent.com; manifest-src 'self'; media-src github.com user-images.githubusercontent.com/; script-src github.githubassets.com; style-src 'unsafe-inline' github.githubassets.com; worker-src github.githubassets.com github.com/socket-worker-0af8a29d.js gist.github.com/socket-worker-0af8a29d.js","x-github-request-id":"DA3F:915E:1A42B00:1B8F38B:614734E6"}
[debug] [2021-09-19T13:02:30.031Z] >>> [apiv2][query] GET https://api.github.com/user [none]
[debug] [2021-09-19T13:02:30.238Z] <<< [apiv2][status] GET https://api.github.com/user 200
[debug] [2021-09-19T13:02:30.238Z] <<< [apiv2][body] GET https://api.github.com/user {"login":"juhom205","id":80626044,"node_id":"MDQ6VXNlcjgwNjI2MDQ0","avatar_url":"https://avatars.githubusercontent.com/u/80626044?v=4","gravatar_id":"","url":"https://api.github.com/users/juhom205","html_url":"https://github.com/juhom205","followers_url":"https://api.github.com/users/juhom205/followers","following_url":"https://api.github.com/users/juhom205/following{/other_user}","gists_url":"https://api.github.com/users/juhom205/gists{/gist_id}","starred_url":"https://api.github.com/users/juhom205/starred{/owner}{/repo}","subscriptions_url":"https://api.github.com/users/juhom205/subscriptions","organizations_url":"https://api.github.com/users/juhom205/orgs","repos_url":"https://api.github.com/users/juhom205/repos","events_url":"https://api.github.com/users/juhom205/events{/privacy}","received_events_url":"https://api.github.com/users/juhom205/received_events","type":"User","site_admin":false,"name":"juhom205","company":"@jusoftdev","blog":"https://jusoft.dev","location":"Germany","email":null,"hireable":null,"bio":"👑 of @jusoftdev\r\nCoding since 2017","twitter_username":"juhom205","public_repos":11,"public_gists":0,"followers":5,"following":4,"created_at":"2021-03-14T11:37:08Z","updated_at":"2021-09-16T21:07:50Z","private_gists":0,"total_private_repos":0,"owned_private_repos":0,"disk_usage":128,"collaborators":0,"two_factor_authentication":false,"plan":{"name":"free","space":976562499,"collaborators":0,"private_repos":10000}}
[info] 
[info] +  Success! Logged into GitHub as juhom205 
[info] 
[debug] [2021-09-19T13:03:01.635Z] >>> [apiv2][query] GET https://api.github.com/repos/jusoftdev/jusoft-tasks/actions/secrets/public-key type=owner
[debug] [2021-09-19T13:03:01.833Z] <<< [apiv2][status] GET https://api.github.com/repos/jusoftdev/jusoft-tasks/actions/secrets/public-key 403
[debug] [2021-09-19T13:03:01.833Z] <<< [apiv2][body] GET https://api.github.com/repos/jusoftdev/jusoft-tasks/actions/secrets/public-key {"message":"Must have admin rights to Repository.","documentation_url":"https://docs.github.com/rest/reference/actions#get-a-repository-public-key"}
[info] 
[info] 
[error] !  The provided authorization cannot be used with this repository. If this repository is in an organization, did you remember to grant access? 
[info] 
[info] i  Action required: Visit this URL to ensure access has been granted to the appropriate organization(s) for the Firebase CLI GitHub OAuth App: 
[info] https://github.com/settings/connections/applications/89cf50f02ac6aaed3484
[info] 
